Info: CustomCategory:navigation_view_generic: 375 mini seconds publishing element
Info: SupportingMaterial:introduction_to_openup: 203 mini seconds publishing element
Info: CustomCategory:getting_started_list: 47 mini seconds publishing element
Info: CustomCategory:understanding_openup: 31 mini seconds publishing element
Info: Roadmap:openup_roadmap: 94 mini seconds publishing element
Info: SupportingMaterial:who_should_use_openup: 47 mini seconds publishing element
Info: CustomCategory:core_principles_category: 15 mini seconds publishing element
Info: Concept:core_principle_balance: 47 mini seconds publishing element
Info: Concept:core_principle_collaborate: 47 mini seconds publishing element
Info: Concept:core_principle_focus: 47 mini seconds publishing element
Info: Concept:core_principle_evolve: 31 mini seconds publishing element
Info: SupportingMaterial:minimal_complete_extensible: 16 mini seconds publishing element
Info: Concept:basic_process_concepts: 47 mini seconds publishing element
Info: Concept:practice: 31 mini seconds publishing element
Info: SupportingMaterial:resources_for_contributing_to_epf: 47 mini seconds publishing element
Info: SupportingMaterial:resources_for_customizing_methods: 62 mini seconds publishing element
Info: CustomCategory:delivery_process_list: 32 mini seconds publishing element
Info: : 1734 mini-second(s) publishing element DeliveryProcess:openup_lifecycle[process.openup.base\deliveryprocesses\openup_lifecycle_EE511F3A.html]
Info: DeliveryProcess:openup_lifecycle: 1734 mini seconds publishing element
Info: DeliveryProcess:openup_lifecycle: 6549 mini seconds publishing process specific layout data
Info: Phase:Inception Phase: 484 mini seconds publishing element
Info: Iteration:inception_phase_iteration: 985 mini seconds publishing element
Info: Activity:initiate_project: 422 mini seconds publishing element
Info: Activity:plan_manage_iteration: 687 mini seconds publishing element
Info: Activity:identify_and_refine_requirements: 719 mini seconds publishing element
Info: Activity:agree_technical_approach: 313 mini seconds publishing element
Info: Milestone:lifecycle_objectives_milestone: 47 mini seconds publishing element
Info: Phase:Elaboration Phase: 578 mini seconds publishing element
Info: : 1125 mini-second(s) publishing element Iteration:elaboration_phase_iteration[process.openup.base\deliveryprocesses\elaboration_phase_iteration_579A68CE.html]
Info: Iteration:elaboration_phase_iteration: 1125 mini seconds publishing element
Info: Activity:plan_manage_iteration: 703 mini seconds publishing element
Info: Activity:identify_and_refine_requirements: 751 mini seconds publishing element
Info: Activity:develop_architecture: 500 mini seconds publishing element
Info: Activity:develop_solution: 766 mini seconds publishing element
Info: Activity:develop_solution: 719 mini seconds publishing element
Info: Activity:test_solution: 407 mini seconds publishing element
Info: Activity:ongoing_tasks: 281 mini seconds publishing element
Info: Milestone:lifecycle_architecture_milestone: 47 mini seconds publishing element
Info: Phase:Construction Phase: 547 mini seconds publishing element
Info: Iteration:construction_phase_iteration: 891 mini seconds publishing element
Info: Activity:plan_manage_iteration: 687 mini seconds publishing element
Info: Activity:identify_and_refine_requirements: 657 mini seconds publishing element
Info: Activity:develop_solution: 765 mini seconds publishing element
Info: Activity:test_solution: 407 mini seconds publishing element
Info: Activity:ongoing_tasks: 250 mini seconds publishing element
Info: Milestone:initial_operational_capability_milestone: 47 mini seconds publishing element
Info: Phase:Transition Phase: 437 mini seconds publishing element
Info: Iteration:transition_phase_iteration: 735 mini seconds publishing element
Info: Activity:plan_manage_iteration: 703 mini seconds publishing element
Info: Activity:develop_solution: 734 mini seconds publishing element
Info: Activity:test_solution: 391 mini seconds publishing element
Info: Activity:ongoing_tasks: 297 mini seconds publishing element
Info: Milestone:product_release_milestone: 31 mini seconds publishing element
Info: CustomCategory:practices: 94 mini seconds publishing element
Info: CustomCategory:management_practice_list: 31 mini seconds publishing element
Info: Practice:iterative_development: 109 mini seconds publishing element
Info: Roadmap:how_to_adopt: 47 mini seconds publishing element
Info: Concept:iteration_lifecycle: 63 mini seconds publishing element
Info: Concept:micro_increments: 31 mini seconds publishing element
Info: Concept:retrospective: 16 mini seconds publishing element
Info: SupportingMaterial:openup_copyright: 62 mini seconds publishing element
Info: Artifact:iteration_plan: 125 mini seconds publishing element
Info: Artifact:work_items_list: 282 mini seconds publishing element
Info: Artifact:risk_list: 125 mini seconds publishing element
Info: Task:assess_results: 140 mini seconds publishing element
Info: Task:manage_iteration: 172 mini seconds publishing element
Info: Task:plan_iteration: 94 mini seconds publishing element
Info: Report:iteration_burndown: 31 mini seconds publishing element
Info: Guideline:agile_estimation: 78 mini seconds publishing element
Info: Guideline:assign_changes_to_iteration: 47 mini seconds publishing element
Info: Guideline:conduct_retrospective: 31 mini seconds publishing element
Info: Guideline:iteration_assessment: 16 mini seconds publishing element
Info: Guideline:iteration_planning: 31 mini seconds publishing element
Info: Guideline:managing_risks: 31 mini seconds publishing element
Info: Guideline:managing_work_items: 78 mini seconds publishing element
Info: Guideline:prioritizing_work_items: 47 mini seconds publishing element
Info: Practice:risk_value_lifecycle: 94 mini seconds publishing element
Info: Roadmap:how_to_adopt: 16 mini seconds publishing element
Info: Concept:project_lifecycle: 78 mini seconds publishing element
Info: Concept:phase_milestones: 109 mini seconds publishing element
Info: Concept:inception_phase: 78 mini seconds publishing element
Info: Concept:elaboration_phase: 32 mini seconds publishing element
Info: Concept:construction_phase: 78 mini seconds publishing element
Info: Concept:transition_phase: 47 mini seconds publishing element
Info: CapabilityPattern:risk_value_lifecycle_phases: 281 mini seconds publishing element
Info: CapabilityPattern:risk_value_lifecycle_phases: 156 mini seconds publishing process specific layout data
Info: Phase:Inception Phase: 125 mini seconds publishing element
Info: Iteration:Inception Iteration [1..n]: 203 mini seconds publishing element
Info: Milestone:Lifecycle Objectives Milestone: 32 mini seconds publishing element
Info: Phase:Elaboration Phase: 93 mini seconds publishing element
Info: Iteration:Elaboration Iteration [1..n]: 188 mini seconds publishing element
Info: Milestone:Lifecycle Architecture Milestone: 16 mini seconds publishing element
Info: Phase:Construction Phase: 172 mini seconds publishing element
Info: Iteration:Construction Iteration [1..n]: 156 mini seconds publishing element
Info: Milestone:Initial Operational Capability: 47 mini seconds publishing element
Info: Phase:Transition Phase: 125 mini seconds publishing element
Info: Iteration:Transition Iteration [1..n]: 172 mini seconds publishing element
Info: Milestone:Product Release Milestone: 15 mini seconds publishing element
Info: Practice:release_planning: 63 mini seconds publishing element
Info: Roadmap:how_to_adopt: 31 mini seconds publishing element
Info: Concept:metrics: 63 mini seconds publishing element
Info: Artifact:project_plan: 46 mini seconds publishing element
Info: Task:plan_the_project: 188 mini seconds publishing element
Info: Report:project_burndown: 47 mini seconds publishing element
Info: Guideline:staffing_project: 47 mini seconds publishing element
Info: Practice:whole_team: 47 mini seconds publishing element
Info: Roadmap:how_to_adopt: 15 mini seconds publishing element
Info: Concept:whole_team: 32 mini seconds publishing element
Info: Guideline:daily_meetings: 62 mini seconds publishing element
Info: Guideline:maintain_a_sustainable_pace: 31 mini seconds publishing element
Info: Guideline:self_organize_work_assignments: 47 mini seconds publishing element
Info: Practice:team_change_mgmt: 47 mini seconds publishing element
Info: Roadmap:how_to_adopt: 31 mini seconds publishing element
Info: Task:request_change: 110 mini seconds publishing element
Info: Guideline:submitting_change_requests: 15 mini seconds publishing element
Info: Example:work_items_list: 63 mini seconds publishing element
Info: CustomCategory:technical_practice_list: 47 mini seconds publishing element
Info: Practice:concurrent_testing: 62 mini seconds publishing element
Info: Roadmap:how_to_adopt_concurrent_testing: 16 mini seconds publishing element
Info: Concept:test_ideas: 16 mini seconds publishing element
Info: Concept:testing_qualitative_rqmts: 16 mini seconds publishing element
Info: Artifact:test_case: 78 mini seconds publishing element
Info: Artifact:test_log: 63 mini seconds publishing element
Info: Artifact:test_script: 78 mini seconds publishing element
Info: Task:create_test_cases: 109 mini seconds publishing element
Info: Task:implement_tests: 141 mini seconds publishing element
Info: Task:run_tests: 93 mini seconds publishing element
Info: Guideline:maintaining_automated_test_suite: 47 mini seconds publishing element
Info: Guideline:programming_automated_tests: 31 mini seconds publishing element
Info: Guideline:test_ideas: 32 mini seconds publishing element
Info: Guideline:test_suite: 31 mini seconds publishing element
Info: Practice:continous_integration: 62 mini seconds publishing element
Info: Roadmap:how_to_adopt_continuous_integration: 47 mini seconds publishing element
Info: Concept:change_requests: 16 mini seconds publishing element
Info: Concept:change_set: 15 mini seconds publishing element
Info: Concept:workspace: 32 mini seconds publishing element
Info: Artifact:build: 62 mini seconds publishing element
Info: Task:integrate_and_create_build: 78 mini seconds publishing element
Info: Guideline:continuous_integration: 62 mini seconds publishing element
Info: Guideline:promoting_changes: 47 mini seconds publishing element
Info: Practice:evolutionary_arch: 47 mini seconds publishing element
Info: Roadmap:how_to_adopt_evolutionary_arch_practice: 47 mini seconds publishing element
Info: Concept:arch_mechanism: 110 mini seconds publishing element
Info: Concept:arch_views_viewpoints: 15 mini seconds publishing element
Info: Concept:software_architecture: 94 mini seconds publishing element
Info: Artifact:architecture_notebook: 125 mini seconds publishing element
Info: Task:outline_the_arch: 203 mini seconds publishing element
Info: Task:refine_the_arch: 141 mini seconds publishing element
Info: Guideline:abstract_away_complexity: 62 mini seconds publishing element
Info: Guideline:modeling_the_arch: 63 mini seconds publishing element
Info: Guideline:software_reuse: 47 mini seconds publishing element
Info: Practice:evolutionary_design: 62 mini seconds publishing element
Info: Roadmap:how_to_adopt_evolutionary_design: 63 mini seconds publishing element
Info: Concept:design: 78 mini seconds publishing element
Info: Concept:design_mechanism: 31 mini seconds publishing element
Info: Concept:implementation_mechanism: 31 mini seconds publishing element
Info: Concept:requirements_realization: 16 mini seconds publishing element
Info: Artifact:design: 109 mini seconds publishing element
Info: Task:design_solution: 188 mini seconds publishing element
Info: SupportingMaterial:using_ed_in_context: 78 mini seconds publishing element
Info: Guideline:analyze_the_design: 62 mini seconds publishing element
Info: Guideline:evolve_the_design: 47 mini seconds publishing element
Info: Guideline:refactoring: 78 mini seconds publishing element
Info: Practice:shared_vision: 63 mini seconds publishing element
Info: Roadmap:how_to_adopt: 47 mini seconds publishing element
Info: Artifact:vision: 62 mini seconds publishing element
Info: Artifact:glossary: 141 mini seconds publishing element
Info: Task:develop_technical_vision: 109 mini seconds publishing element
Info: Guideline:req_gathering_techniques: 94 mini seconds publishing element
Info: Guideline:effective_req_reviews: 31 mini seconds publishing element
Info: Practice:test_driven_dev: 63 mini seconds publishing element
Info: Roadmap:adopt_tdd_practice: 62 mini seconds publishing element
Info: Concept:coding_standard: 47 mini seconds publishing element
Info: Concept:collective_code_ownership: 47 mini seconds publishing element
Info: Concept:developer_testing: 31 mini seconds publishing element
Info: Concept:refactoring: 32 mini seconds publishing element
Info: Artifact:developer_test: 93 mini seconds publishing element
Info: Artifact:implementation: 63 mini seconds publishing element
Info: Task:implement_developer_tests: 125 mini seconds publishing element
Info: Task:implement_solution: 78 mini seconds publishing element
Info: Task:run_developer_tests: 125 mini seconds publishing element
Info: SupportingMaterial:using_tdd_in_context: 31 mini seconds publishing element
Info: Guideline:developer_testing: 47 mini seconds publishing element
Info: Guideline:mapping_design_to_code: 62 mini seconds publishing element
Info: Guideline:test_driven_development: 47 mini seconds publishing element
Info: Practice:use_case_driven_dev_practice: 63 mini seconds publishing element
Info: Roadmap:how_to_adopt: 31 mini seconds publishing element
Info: Concept:requirements: 31 mini seconds publishing element
Info: Concept:use_case: 110 mini seconds publishing element
Info: Concept:actor: 32 mini seconds publishing element
Info: Concept:use_case_model: 31 mini seconds publishing element
Info: Artifact:use_case: 141 mini seconds publishing element
Info: Artifact:use_case_model: 125 mini seconds publishing element
Info: Artifact:system_wide_requirements: 78 mini seconds publishing element
Info: Task:identify_and_outline_requirements: 188 mini seconds publishing element
Info: Task:detail_use_case_scenarios: 125 mini seconds publishing element
Info: Task:detail_system_wide_requirements: 93 mini seconds publishing element
Info: Guideline:detail_ucs_and_scenarios: 47 mini seconds publishing element
Info: Guideline:identify_and_outline_actors_and_ucs: 31 mini seconds publishing element
Info: Guideline:system_wide_requirements: 32 mini seconds publishing element
Info: Guideline:uc_realizations: 47 mini seconds publishing element
Info: CustomCategory:role_list: 78 mini seconds publishing element
Info: Role:analyst: 219 mini seconds publishing element
Info: Role:any_role: 93 mini seconds publishing element
Info: Role:architect: 188 mini seconds publishing element
Info: Role:developer: 250 mini seconds publishing element
Info: Role:project_manager: 172 mini seconds publishing element
Info: Role:stakeholder: 156 mini seconds publishing element
Info: Role:tester: 172 mini seconds publishing element
Info: CustomCategory:work_products: 78 mini seconds publishing element
Info: Domain:architecture_domain: 47 mini seconds publishing element
Info: Domain:development_domain: 63 mini seconds publishing element
Info: Domain:project_management_domain: 78 mini seconds publishing element
Info: Domain:requirements_domain: 31 mini seconds publishing element
Info: Domain:test_domain: 31 mini seconds publishing element
Info: CustomCategory:tasks: 63 mini seconds publishing element
Info: Discipline:architecture_discipline: 47 mini seconds publishing element
Info: Discipline:development_discipline: 93 mini seconds publishing element
Info: Discipline:project_management_discipline: 63 mini seconds publishing element
Info: Discipline:requirements_discipline: 78 mini seconds publishing element
Info: Discipline:test_discipline: 31 mini seconds publishing element
Info: CustomCategory:guidance: 188 mini seconds publishing element
Info: CustomCategory:checklist_list: 31 mini seconds publishing element
Info: Checklist:architecture_notebook: 47 mini seconds publishing element
Info: Checklist:design: 109 mini seconds publishing element
Info: Checklist:developer_test: 32 mini seconds publishing element
Info: Checklist:general_requirements: 31 mini seconds publishing element
Info: Checklist:implementation: 47 mini seconds publishing element
Info: Checklist:iteration_plan: 47 mini seconds publishing element
Info: Checklist:project_plan: 47 mini seconds publishing element
Info: Checklist:risk_list: 31 mini seconds publishing element
Info: Checklist:system_wide_rqmts_furps: 31 mini seconds publishing element
Info: Checklist:test_case: 31 mini seconds publishing element
Info: Checklist:test_data: 63 mini seconds publishing element
Info: Checklist:test_script: 31 mini seconds publishing element
Info: Checklist:use_case: 31 mini seconds publishing element
Info: Checklist:use_case_model: 47 mini seconds publishing element
Info: Checklist:vision: 78 mini seconds publishing element
Info: Checklist:work_items_list: 32 mini seconds publishing element
Info: CustomCategory:concept_list: 62 mini seconds publishing element
Info: Concept:analysis_mechanism: 47 mini seconds publishing element
Info: Concept:arch_constraints: 47 mini seconds publishing element
Info: Concept:arch_goals: 31 mini seconds publishing element
Info: Concept:arch_significant_requirements: 32 mini seconds publishing element
Info: Concept:component: 62 mini seconds publishing element
Info: Concept:executable_arch: 47 mini seconds publishing element
Info: Concept:iteration: 62 mini seconds publishing element
Info: Concept:key_abstractions: 47 mini seconds publishing element
Info: Concept:pattern: 63 mini seconds publishing element
Info: Concept:requirement_attributes: 47 mini seconds publishing element
Info: Concept:risk: 31 mini seconds publishing element
Info: Concept:system_wide_requirements: 31 mini seconds publishing element
Info: Concept:visual_modeling: 63 mini seconds publishing element
Info: CustomCategory:example_list: 47 mini seconds publishing element
Info: Example:four_plus_one_view_of_arch: 47 mini seconds publishing element
Info: Example:architectural_mechanism_attributes: 46 mini seconds publishing element
Info: Example:uc_model_evolve: 63 mini seconds publishing element
Info: Example:iteration_burndown_report_example: 31 mini seconds publishing element
Info: Example:iteration_plan: 16 mini seconds publishing element
Info: Example:project_burndown_report_example: 62 mini seconds publishing element
Info: Example:project_plan: 63 mini seconds publishing element
Info: Example:uc_deposit_funds_outline: 15 mini seconds publishing element
Info: Example:uc_model_elaboration_phase: 32 mini seconds publishing element
Info: Example:uc_model_inception_phase: 31 mini seconds publishing element
Info: Example:uc_spec_validate_user: 16 mini seconds publishing element
Info: Example:uc_transfer_funds_outline: 31 mini seconds publishing element
Info: Example:uc_withdraw_cash_outline: 31 mini seconds publishing element
Info: Example:use_case_spec: 47 mini seconds publishing element
Info: CustomCategory:guideline_list: 47 mini seconds publishing element
Info: Guideline:collaboration_guidance_slot: 62 mini seconds publishing element
Info: Guideline:design_guidance_slot: 47 mini seconds publishing element
Info: Guideline:project_planning_guidance_slot: 16 mini seconds publishing element
Info: Guideline:work_assignment_guidance_slot: 31 mini seconds publishing element
Info: Guideline:deploying_the_solution: 62 mini seconds publishing element
Info: Guideline:designing_visually: 157 mini seconds publishing element
Info: Guideline:entity_control_boundary_pattern: 47 mini seconds publishing element
Info: Guideline:example_design_mechanisms: 156 mini seconds publishing element
Info: Guideline:identify_common_architectural_mechanisms: 31 mini seconds publishing element
Info: Guideline:layering: 63 mini seconds publishing element
Info: Guideline:repres_interfaces_to_ext_systems: 15 mini seconds publishing element
Info: Guideline:use_case_model: 31 mini seconds publishing element
Info: Guideline:using_visual_modeling: 47 mini seconds publishing element
Info: Guideline:writing_good_requirements: 32 mini seconds publishing element
Info: CustomCategory:practice_list: 31 mini seconds publishing element
Info: SupportingMaterial:references: 110 mini seconds publishing element
Info: CustomCategory:report_list: 47 mini seconds publishing element
Info: CustomCategory:roadmap_list: 31 mini seconds publishing element
Info: CustomCategory:template_list: 63 mini seconds publishing element
Info: Template:architecture_notebook: 62 mini seconds publishing element
Info: Template:design: 16 mini seconds publishing element
Info: Template:iteration_plan: 31 mini seconds publishing element
Info: Template:project_plan: 62 mini seconds publishing element
Info: Template:risk_list: 47 mini seconds publishing element
Info: Template:systemwide_requirements_specification: 32 mini seconds publishing element
Info: Template:test_case: 62 mini seconds publishing element
Info: Template:test_script: 47 mini seconds publishing element
Info: Template:use_case_specification: 31 mini seconds publishing element
Info: Template:vision: 16 mini seconds publishing element
Info: Template:work_items_list: 62 mini seconds publishing element
Info: CustomCategory:tool_list: 31 mini seconds publishing element
Info: Tool:method_composer_tool: 32 mini seconds publishing element
Info: ToolMentor:use_method_composer_to_update_process: 46 mini seconds publishing element
Info: CustomCategory:release_info: 329 mini seconds publishing element
Info: SupportingMaterial:release_info: 15 mini seconds publishing element
Info: SupportingMaterial:release_info_concurrent_testing: 32 mini seconds publishing element
Info: SupportingMaterial:release_info_continuous_integration: 31 mini seconds publishing element
Info: SupportingMaterial:release_info_evolutionary_arch: 47 mini seconds publishing element
Info: SupportingMaterial:release_info_evolutionary_design: 47 mini seconds publishing element
Info: SupportingMaterial:release_info_iterative_dev: 15 mini seconds publishing element
Info: SupportingMaterial:release_info_release_planning: 31 mini seconds publishing element
Info: SupportingMaterial:release_info_risk_value_lifecycle: 32 mini seconds publishing element
Info: SupportingMaterial:release_info_shared_vision: 31 mini seconds publishing element
Info: SupportingMaterial:release_info_team_change_mgmt: 16 mini seconds publishing element
Info: SupportingMaterial:release_info_test_driven_development: 15 mini seconds publishing element
Info: SupportingMaterial:release_info_uc_driven_dev: 31 mini seconds publishing element
Info: SupportingMaterial:release_info_whole_team: 32 mini seconds publishing element
Info: SupportingMaterial:release_info_openup_process: 47 mini seconds publishing element
Info: SupportingMaterial:release_info_openup: 15 mini seconds publishing element
Info: TermDefinition:role: 32 mini seconds publishing element
Info: TermDefinition:task: 15 mini seconds publishing element
Info: TermDefinition:artifact: 16 mini seconds publishing element
Info: CapabilityPattern:inception_phase_iteration: 859 mini seconds publishing element
Info: CapabilityPattern:inception_phase_iteration: 1001 mini seconds publishing process specific layout data
Info: : 1032 mini-second(s) publishing element CapabilityPattern:elaboration_phase_iteration[process.openup.base\capabilitypatterns\elaboration_phase_iteration_54DFA2A9.html]
Info: CapabilityPattern:elaboration_phase_iteration: 1047 mini seconds publishing element
Info: CapabilityPattern:elaboration_phase_iteration: 1641 mini seconds publishing process specific layout data
Info: CapabilityPattern:construction_phase_iteration: 1000 mini seconds publishing element
Info: CapabilityPattern:construction_phase_iteration: 1297 mini seconds publishing process specific layout data
Info: CapabilityPattern:transition_phase_iteration: 750 mini seconds publishing element
Info: CapabilityPattern:transition_phase_iteration: 922 mini seconds publishing process specific layout data
Info: TermDefinition:method_configuration: 31 mini seconds publishing element
Info: TermDefinition:method_content: 32 mini seconds publishing element
Info: TermDefinition:process: 31 mini seconds publishing element
Info: TermDefinition:capability_pattern: 15 mini seconds publishing element
Info: TermDefinition:delivery_process: 16 mini seconds publishing element
Info: TermDefinition:custom_category: 16 mini seconds publishing element
Info: SupportingMaterial:epf_resources: 31 mini seconds publishing element
Info: SupportingMaterial:rational_method_composer_resources: 47 mini seconds publishing element
Info: TaskDescriptor:develop_technical_vision: 578 mini seconds publishing element
Info: TaskDescriptor:plan_the_project: 78 mini seconds publishing element
Info: TaskDescriptor:plan_iteration: 141 mini seconds publishing element
Info: TaskDescriptor:manage_iteration: 109 mini seconds publishing element
Info: TaskDescriptor:assess_results: 94 mini seconds publishing element
Info: TaskDescriptor:identify_and_outline_requirements: 94 mini seconds publishing element
Info: TaskDescriptor:detail_use_case_scenarios: 94 mini seconds publishing element
Info: TaskDescriptor:detail_system_wide_requirements: 109 mini seconds publishing element
Info: TaskDescriptor:create_test_cases: 63 mini seconds publishing element
Info: TaskDescriptor:outline_the_arch: 140 mini seconds publishing element
Info: TaskDescriptor:design_solution: 125 mini seconds publishing element
Info: TaskDescriptor:implement_developer_tests: 125 mini seconds publishing element
Info: TaskDescriptor:implement_solution: 110 mini seconds publishing element
Info: TaskDescriptor:run_developer_tests: 94 mini seconds publishing element
Info: TaskDescriptor:integrate_and_create_build: 62 mini seconds publishing element
Info: TaskDescriptor:refine_the_arch: 125 mini seconds publishing element
Info: TaskDescriptor:implement_tests: 94 mini seconds publishing element
Info: TaskDescriptor:run_tests: 94 mini seconds publishing element
Info: TaskDescriptor:request_change: 46 mini seconds publishing element
Info: TaskDescriptor:identify_and_outline_requirements: 110 mini seconds publishing element
Info: TaskDescriptor:detail_use_case_scenarios: 62 mini seconds publishing element
Info: TaskDescriptor:detail_system_wide_requirements: 78 mini seconds publishing element
Info: TaskDescriptor:create_test_cases: 63 mini seconds publishing element
Info: RoleDescriptor:analyst: 469 mini seconds publishing element
Info: RoleDescriptor:any_role: 31 mini seconds publishing element
Info: RoleDescriptor:architect: 62 mini seconds publishing element
Info: RoleDescriptor:developer: 47 mini seconds publishing element
Info: RoleDescriptor:project_manager: 47 mini seconds publishing element
Info: RoleDescriptor:stakeholder: 47 mini seconds publishing element
Info: RoleDescriptor:tester: 47 mini seconds publishing element
Info: WorkProductDescriptor:project_definition_and_scope_slot: 672 mini seconds publishing element
Info: WorkProductDescriptor:project_work_slot: 31 mini seconds publishing element
Info: WorkProductDescriptor:software_design_slot: 31 mini seconds publishing element
Info: WorkProductDescriptor:software_implementation_slot: 63 mini seconds publishing element
Info: WorkProductDescriptor:technical_architecture_slot: 31 mini seconds publishing element
Info: WorkProductDescriptor:technical_specification_slot: 31 mini seconds publishing element
Info: WorkProductDescriptor:technical_test_results_slot: 32 mini seconds publishing element
Info: WorkProductDescriptor:architecture_notebook: 78 mini seconds publishing element
Info: WorkProductDescriptor:build: 16 mini seconds publishing element
Info: WorkProductDescriptor:design: 47 mini seconds publishing element
Info: WorkProductDescriptor:developer_test: 31 mini seconds publishing element
Info: WorkProductDescriptor:glossary: 63 mini seconds publishing element
Info: WorkProductDescriptor:implementation: 78 mini seconds publishing element
Info: WorkProductDescriptor:iteration_plan: 78 mini seconds publishing element
Info: WorkProductDescriptor:project_plan: 63 mini seconds publishing element
Info: WorkProductDescriptor:risk_list: 46 mini seconds publishing element
Info: WorkProductDescriptor:system_wide_requirements: 79 mini seconds publishing element
Info: WorkProductDescriptor:test_case: 31 mini seconds publishing element
Info: WorkProductDescriptor:test_log: 31 mini seconds publishing element
Info: WorkProductDescriptor:test_script: 47 mini seconds publishing element
Info: WorkProductDescriptor:use_case: 78 mini seconds publishing element
Info: WorkProductDescriptor:use_case_model: 125 mini seconds publishing element
Info: WorkProductDescriptor:vision: 63 mini seconds publishing element
Info: WorkProductDescriptor:work_items_list: 47 mini seconds publishing element
Info: RoleDescriptor:project_manager: 31 mini seconds publishing element
Info: RoleDescriptor:analyst: 31 mini seconds publishing element
Info: RoleDescriptor:architect: 63 mini seconds publishing element
Info: RoleDescriptor:developer: 62 mini seconds publishing element
Info: RoleDescriptor:stakeholder: 31 mini seconds publishing element
Info: RoleDescriptor:tester: 47 mini seconds publishing element
Info: WorkProductDescriptor:technical_specification_slot: 47 mini seconds publishing element
Info: RoleDescriptor:analyst: 63 mini seconds publishing element
Info: RoleDescriptor:architect: 78 mini seconds publishing element
Info: RoleDescriptor:developer: 62 mini seconds publishing element
Info: RoleDescriptor:stakeholder: 63 mini seconds publishing element
Info: RoleDescriptor:tester: 62 mini seconds publishing element
Info: WorkProductDescriptor:technical_specification_slot: 32 mini seconds publishing element
Info: WorkProductDescriptor:glossary: 62 mini seconds publishing element
Info: RoleDescriptor:architect: 47 mini seconds publishing element
Info: RoleDescriptor:analyst: 31 mini seconds publishing element
Info: RoleDescriptor:developer: 47 mini seconds publishing element
Info: RoleDescriptor:project_manager: 47 mini seconds publishing element
Info: RoleDescriptor:stakeholder: 47 mini seconds publishing element
Info: WorkProductDescriptor:technical_specification_slot: 16 mini seconds publishing element
Info: CapabilityPattern:identify_and_refine_requirements: 750 mini seconds publishing element
Info: CapabilityPattern:identify_and_refine_requirements: 344 mini seconds publishing process specific layout data
Info: CapabilityPattern:initiate_project: 359 mini seconds publishing element
Info: CapabilityPattern:initiate_project: 156 mini seconds publishing process specific layout data
Info: CapabilityPattern:agree_technical_approach: 297 mini seconds publishing element
Info: CapabilityPattern:agree_technical_approach: 78 mini seconds publishing process specific layout data
Info: CapabilityPattern:plan_manage_iteration: 657 mini seconds publishing element
Info: CapabilityPattern:plan_manage_iteration: 297 mini seconds publishing process specific layout data
Info: WorkProductDescriptor:architecture_notebook: 47 mini seconds publishing element
Info: RoleDescriptor:architect: 31 mini seconds publishing element
Info: RoleDescriptor:developer: 62 mini seconds publishing element
Info: RoleDescriptor:project_manager: 32 mini seconds publishing element
Info: WorkProductDescriptor:technical_specification_slot: 31 mini seconds publishing element
Info: WorkProductDescriptor:software_design_slot: 31 mini seconds publishing element
Info: WorkProductDescriptor:software_implementation_slot: 78 mini seconds publishing element
Info: RoleDescriptor:developer: 47 mini seconds publishing element
Info: RoleDescriptor:analyst: 78 mini seconds publishing element
Info: RoleDescriptor:architect: 32 mini seconds publishing element
Info: RoleDescriptor:stakeholder: 31 mini seconds publishing element
Info: RoleDescriptor:tester: 62 mini seconds publishing element
Info: WorkProductDescriptor:technical_architecture_slot: 32 mini seconds publishing element
Info: WorkProductDescriptor:technical_specification_slot: 31 mini seconds publishing element
Info: RoleDescriptor:tester: 78 mini seconds publishing element
Info: RoleDescriptor:analyst: 31 mini seconds publishing element
Info: RoleDescriptor:developer: 32 mini seconds publishing element
Info: RoleDescriptor:stakeholder: 16 mini seconds publishing element
Info: WorkProductDescriptor:test_case: 47 mini seconds publishing element
Info: WorkProductDescriptor:software_implementation_slot: 62 mini seconds publishing element
Info: WorkProductDescriptor:test_script: 47 mini seconds publishing element
Info: WorkProductDescriptor:test_log: 47 mini seconds publishing element
Info: WorkProductDescriptor:work_items_list: 63 mini seconds publishing element
Info: CapabilityPattern:develop_architecture: 453 mini seconds publishing element
Info: CapabilityPattern:develop_architecture: 437 mini seconds publishing process specific layout data
Info: CapabilityPattern:develop_solution: 938 mini seconds publishing element
Info: CapabilityPattern:develop_solution: 515 mini seconds publishing process specific layout data
Info: CapabilityPattern:test_solution: 422 mini seconds publishing element
Info: CapabilityPattern:test_solution: 110 mini seconds publishing process specific layout data
Info: CapabilityPattern:ongoing_tasks: 234 mini seconds publishing element
Info: CapabilityPattern:ongoing_tasks: 78 mini seconds publishing process specific layout data
Info: WorkProductDescriptor:glossary: 79 mini seconds publishing element
Info: WorkProductDescriptor:system_wide_requirements: 78 mini seconds publishing element
Info: WorkProductDescriptor:test_case: 31 mini seconds publishing element
Info: WorkProductDescriptor:use_case: 78 mini seconds publishing element
Info: WorkProductDescriptor:use_case_model: 63 mini seconds publishing element
Info: RoleDescriptor:analyst: 47 mini seconds publishing element
Info: RoleDescriptor:architect: 46 mini seconds publishing element
Info: RoleDescriptor:developer: 110 mini seconds publishing element
Info: RoleDescriptor:stakeholder: 32 mini seconds publishing element
Info: RoleDescriptor:tester: 47 mini seconds publishing element
Info: WorkProductDescriptor:technical_specification_slot: 46 mini seconds publishing element
Info: Artifact:project_definition_and_scope_slot: 47 mini seconds publishing element
Info: Artifact:technical_architecture_slot: 32 mini seconds publishing element
Info: Artifact:technical_specification_slot: 78 mini seconds publishing element
Info: Artifact:technical_test_results_slot: 47 mini seconds publishing element
Info: SupportingMaterial:copyright: 47 mini seconds publishing element
Info: Artifact:project_status_slot: 15 mini seconds publishing element
Info: Artifact:project_work_slot: 31 mini seconds publishing element
Info: Artifact:project_risk_slot: 32 mini seconds publishing element
Info: TermDefinition:risk: 31 mini seconds publishing element
Info: TermDefinition:work_product: 31 mini seconds publishing element
Info: Artifact:technical_implementation_slot: 31 mini seconds publishing element
Info: Artifact:technical_design_slot: 63 mini seconds publishing element
Info: TermDefinition:feature: 47 mini seconds publishing element
Info: TermDefinition:code_instrumentation: 15 mini seconds publishing element
Info: CustomCategory:tasks: 32 mini seconds publishing element
Info: RoleSet:basic_role_set: 47 mini seconds publishing element
Info: SupportingMaterial:intellectual_property_notices: 31 mini seconds publishing element
Info: TermDefinition:method_library: 78 mini seconds publishing element
Info: TermDefinition:guidance: 16 mini seconds publishing element
Info: TermDefinition:view: 31 mini seconds publishing element
Info: TermDefinition:deliverable: 31 mini seconds publishing element
Info: TermDefinition:outcome: 47 mini seconds publishing element
Info: TermDefinition:stakeholder_need: 16 mini seconds publishing element
Info: TermDefinition:method_plugin: 15 mini seconds publishing element
Info: TermDefinition:method_element: 16 mini seconds publishing element
Info: : Publishing time: 1 minutes 17 seconds
